Build started 11/9/2010 12:56:42 PM.
     1>Project "C:\Sarbjit\onlineahuman\workspace.human\aiengine.vc\libaiml\libaiml.vcxproj" on node 2 (build target(s)).
     1>InitializeBuildStatus:
         Creating "Debug\libaiml.unsuccessfulbuild" because "AlwaysCreate" was specified.
       ClCompile:
         C:\Program Files\Microsoft Visual Studio 10.0\VC\bin\CL.exe /c /ZI /nologo /W3 /WX- /Od /Oy- /D _MBCS /Gm /EHsc /RTC1 /MDd /GS /fp:precise /Zc:wchar_t /Zc:forScope /Fo"Debug\\" /Fd"Debug\vc100.pdb" /Gd /TP /analyze- /errorReport:prompt TestAiml.cpp
         TestAiml.cpp
       Link:
         C:\Program Files\Microsoft Visual Studio 10.0\VC\bin\link.exe /ERRORREPORT:PROMPT /OUT:"C:\Sarbjit\onlineahuman\workspace.human\aiengine.vc\Debug\libaiml.exe" /NOLOGO /LIBPATH:C:\Sarbjit\onlineahuman\libaiml\lib "rebecca-mt.lib" "rebecca-network.lib" kernel32.lib user32.lib gdi32.lib winspool.lib comdlg32.lib advapi32.lib shell32.lib ole32.lib oleaut32.lib uuid.lib odbc32.lib odbccp32.lib /MANIFEST /ManifestFile:"Debug\libaiml.exe.intermediate.manifest" /MANIFESTUAC:"level='asInvoker' uiAccess='false'" /DEBUG /PDB:"C:\Sarbjit\onlineahuman\workspace.human\aiengine.vc\Debug\libaiml.pdb" /TLBID:1 /DYNAMICBASE /NXCOMPAT /IMPLIB:"C:\Sarbjit\onlineahuman\workspace.human\aiengine.vc\Debug\libaiml.lib" /MACHINE:X86 Debug\TestAiml.obj
         LINK : C:\Sarbjit\onlineahuman\workspace.human\aiengine.vc\Debug\libaiml.exe not found or not built by the last incremental link; performing full link
            Creating library C:\Sarbjit\onlineahuman\workspace.human\aiengine.vc\Debug\libaiml.lib and object C:\Sarbjit\onlineahuman\workspace.human\aiengine.vc\Debug\libaiml.exp
         libaiml.vcxproj -> C:\Sarbjit\onlineahuman\workspace.human\aiengine.vc\Debug\libaiml.exe
       Manifest:
         C:\Program Files\Microsoft SDKs\Windows\v7.0A\bin\mt.exe /nologo /verbose /outputresource:"C:\Sarbjit\onlineahuman\workspace.human\aiengine.vc\Debug\libaiml.exe;#1" /manifest Debug\libaiml.exe.intermediate.manifest
       FinalizeBuildStatus:
         Deleting file "Debug\libaiml.unsuccessfulbuild".
         Touching "Debug\libaiml.lastbuildstate".
     1>Done Building Project "C:\Sarbjit\onlineahuman\workspace.human\aiengine.vc\libaiml\libaiml.vcxproj" (build target(s)).

Build succeeded.

Time Elapsed 00:00:08.59
