[INFO, 0x0000] 13:13:48,386 - LOGGING STARTED [.]
[INFO, 0x0000] 13:13:48,386 - SERVER STARTING... [.]
[INFO, 0x0000] 13:13:48,386 - ---------------------------------------- [.]
[INFO, 0x0000] 13:13:48,386 - create services... [.]
[INFO, 0x0000] 13:13:48,386 - SERVER STARTING... [.]
[INFO, 0x0000] 13:13:48,386 - ---------------------------------------- [.]
[INFO, 0x0000] 13:13:48,386 - create services... [.]
[INFO, 0x0000] 13:13:48,386 - LOGGING STARTED [.]
[INFO, 0x0000] 13:13:48,386 - SERVER STARTING... [.]
[INFO, 0x0000] 13:13:48,386 - ---------------------------------------- [.]
[INFO, 0x0504] 13:13:48,620 - create services - done [.]
[INFO, 0x0504] 13:13:48,620 - init service: DB... [.]
[INFO, 0x0504] 13:13:48,620 - init service: DB - done [.]
[INFO, 0x0504] 13:13:48,620 - init service: Heart... [.]
[INFO, 0x0504] 13:13:48,620 - init service: Heart - done [.]
[INFO, 0x0504] 13:13:48,620 - init service: HtmLib... [.]
[INFO, 0x0504] 13:13:48,620 - init service: HtmLib - done [.]
[INFO, 0x0504] 13:13:48,620 - init service: IO... [.]
[ERROR, 0x0504] 13:13:48,620 - C++ Exception: assertion failed (threadData == NULL) (file=engine.cpp, line=398) [.]
[INFO, 0x0504] 13:13:48,620 - CALL STACK:
	:: (Ahuman, Failed to open map file) [.]
[INFO, 0x0504] 13:13:48,620 - SERVER STARTED [.]
[INFO, 0x0504] 13:13:48,620 - ---------------------------------------- [.]
[INFO, 0x0000] 13:13:51,839 - LOGGING STARTED [.]
[INFO, 0x0000] 13:13:51,839 - SERVER STARTING... [.]
[INFO, 0x0000] 13:13:51,839 - ---------------------------------------- [.]
[INFO, 0x0000] 13:13:51,839 - create services... [.]
[INFO, 0x0000] 13:15:01,526 - LOGGING STARTED [.]
[INFO, 0x0000] 13:15:01,526 - SERVER STARTING... [.]
[INFO, 0x0000] 13:15:01,526 - ---------------------------------------- [.]
[INFO, 0x0000] 13:15:01,526 - create services... [.]
[INFO, 0x1048] 13:15:01,557 - create services - done [.]
[INFO, 0x1048] 13:15:01,557 - init service: DB... [.]
[INFO, 0x1048] 13:15:01,557 - init service: DB - done [.]
[INFO, 0x1048] 13:15:01,557 - init service: Heart... [.]
[INFO, 0x1048] 13:15:01,557 - init service: Heart - done [.]
[INFO, 0x1048] 13:15:01,557 - init service: HtmLib... [.]
[INFO, 0x1048] 13:15:01,557 - init service: HtmLib - done [.]
[INFO, 0x1048] 13:15:01,557 - init service: IO... [.]
[ERROR, 0x1048] 13:15:01,557 - C++ Exception: assertion failed (threadData == NULL) (file=engine.cpp, line=398) [.]
[INFO, 0x1048] 13:15:01,557 - CALL STACK:
	:: (Ahuman, Failed to open map file) [.]
[INFO, 0x1048] 13:15:01,557 - SERVER STARTED [.]
[INFO, 0x1048] 13:15:01,557 - ---------------------------------------- [.]
[ERROR, 0x1048] 13:15:01,557 - C++ Exception: assertion failed (threadData == NULL) (file=engine.cpp, line=398) [.]
[INFO, 0x1048] 13:15:01,557 - CALL STACK:
	:: (Ahuman, Failed to open map file) [.]
[INFO, 0x1048] 13:15:01,557 - ---------------------------------------- [.]
[INFO, 0x1048] 13:15:01,557 - SERVER STOPPING... [.]
[INFO, 0x1048] 13:15:01,557 - exit services... [.]
[INFO, 0x1048] 13:15:01,557 - exit service: DB... [.]
[INFO, 0x1048] 13:15:01,557 - exit service: DB - done [.]
[INFO, 0x1048] 13:15:01,557 - exit service: Heart... [.]
[INFO, 0x1048] 13:15:01,557 - exit service: Heart - done [.]
[INFO, 0x1048] 13:15:01,557 - exit service: HtmLib... [.]
[INFO, 0x1048] 13:15:01,557 - exit service: HtmLib - done [.]
[INFO, 0x1048] 13:15:01,557 - exit service: IO... [.]
[INFO, 0x0000] 13:17:31,261 - LOGGING STARTED [.]
[INFO, 0x0000] 13:17:31,261 - SERVER STARTING... [.]
[INFO, 0x0000] 13:17:31,261 - ---------------------------------------- [.]
[INFO, 0x0000] 13:17:31,261 - create services... [.]
[INFO, 0x0000] 14:01:00,682 - LOGGING STARTED [.]
[INFO, 0x0000] 14:01:00,682 - SERVER STARTING... [.]
[INFO, 0x0000] 14:01:00,682 - ---------------------------------------- [.]
[INFO, 0x1380] 14:01:00,682 - create services... [.]
[INFO, 0x0000] 14:01:08,807 - LOGGING STARTED [.]
[INFO, 0x0000] 14:01:08,807 - SERVER STARTING... [.]
[INFO, 0x0000] 14:01:08,807 - ---------------------------------------- [.]
[INFO, 0x0000] 14:01:08,807 - create services... [.]
