C:\SARBJIT\LIBESPEAK\DEBUG\LIBESPEAK.DLL
C:\Sarbjit\libespeak\Debug\libespeak.exp
C:\SARBJIT\LIBESPEAK\DEBUG\LIBESPEAK.ILK
C:\Sarbjit\libespeak\Debug\libespeak.lib
C:\SARBJIT\LIBESPEAK\DEBUG\LIBESPEAK.PDB
C:\Sarbjit\libespeak\libespeak\Debug\cl.command.1.tlog
C:\Sarbjit\libespeak\libespeak\Debug\CL.read.1.tlog
C:\Sarbjit\libespeak\libespeak\Debug\CL.write.1.tlog
C:\SARBJIT\LIBESPEAK\LIBESPEAK\DEBUG\COMPILEDICT.OBJ
C:\SARBJIT\LIBESPEAK\LIBESPEAK\DEBUG\DEBUG.OBJ
C:\SARBJIT\LIBESPEAK\LIBESPEAK\DEBUG\DICTIONARY.OBJ
C:\SARBJIT\LIBESPEAK\LIBESPEAK\DEBUG\DLLMAIN.OBJ
C:\SARBJIT\LIBESPEAK\LIBESPEAK\DEBUG\EVENT.OBJ
C:\SARBJIT\LIBESPEAK\LIBESPEAK\DEBUG\FIFO.OBJ
C:\SARBJIT\LIBESPEAK\LIBESPEAK\DEBUG\INTONATION.OBJ
C:\SARBJIT\LIBESPEAK\LIBESPEAK\DEBUG\KLATT.OBJ
C:\SARBJIT\LIBESPEAK\LIBESPEAK\DEBUG\LIBESPEAK.DLL.EMBED.MANIFEST
C:\SARBJIT\LIBESPEAK\LIBESPEAK\DEBUG\LIBESPEAK.DLL.EMBED.MANIFEST.RES
C:\SARBJIT\LIBESPEAK\LIBESPEAK\DEBUG\LIBESPEAK.DLL.INTERMEDIATE.MANIFEST
C:\SARBJIT\LIBESPEAK\LIBESPEAK\DEBUG\LIBESPEAK.OBJ
C:\SARBJIT\LIBESPEAK\LIBESPEAK\DEBUG\LIBESPEAK.PCH
C:\Sarbjit\libespeak\libespeak\Debug\libespeak.write.1.tlog
C:\Sarbjit\libespeak\libespeak\Debug\libespeak_manifest.rc
C:\Sarbjit\libespeak\libespeak\Debug\link.5912.read.1.tlog
C:\Sarbjit\libespeak\libespeak\Debug\link.5912.write.1.tlog
C:\Sarbjit\libespeak\libespeak\Debug\link.5912-cvtres.read.1.tlog
C:\Sarbjit\libespeak\libespeak\Debug\link.5912-cvtres.write.1.tlog
C:\Sarbjit\libespeak\libespeak\Debug\link.command.1.tlog
C:\Sarbjit\libespeak\libespeak\Debug\link.read.1.tlog
C:\Sarbjit\libespeak\libespeak\Debug\link.write.1.tlog
C:\Sarbjit\libespeak\libespeak\Debug\link-cvtres.read.1.tlog
C:\Sarbjit\libespeak\libespeak\Debug\link-cvtres.write.1.tlog
C:\SARBJIT\LIBESPEAK\LIBESPEAK\DEBUG\MBROWRAP.OBJ
C:\Sarbjit\libespeak\libespeak\Debug\mt.command.1.tlog
C:\Sarbjit\libespeak\libespeak\Debug\mt.read.1.tlog
C:\Sarbjit\libespeak\libespeak\Debug\mt.write.1.tlog
C:\SARBJIT\LIBESPEAK\LIBESPEAK\DEBUG\NUMBERS.OBJ
C:\SARBJIT\LIBESPEAK\LIBESPEAK\DEBUG\PHONEMELIST.OBJ
C:\Sarbjit\libespeak\libespeak\Debug\rc.command.1.tlog
C:\Sarbjit\libespeak\libespeak\Debug\rc.read.1.tlog
C:\Sarbjit\libespeak\libespeak\Debug\rc.write.1.tlog
C:\SARBJIT\LIBESPEAK\LIBESPEAK\DEBUG\READCLAUSE.OBJ
C:\SARBJIT\LIBESPEAK\LIBESPEAK\DEBUG\SETLENGTHS.OBJ
C:\SARBJIT\LIBESPEAK\LIBESPEAK\DEBUG\SPEAK_LIB.OBJ
C:\SARBJIT\LIBESPEAK\LIBESPEAK\DEBUG\STDAFX.OBJ
C:\SARBJIT\LIBESPEAK\LIBESPEAK\DEBUG\SYNTH_MBROLA.OBJ
C:\SARBJIT\LIBESPEAK\LIBESPEAK\DEBUG\SYNTHDATA.OBJ
C:\SARBJIT\LIBESPEAK\LIBESPEAK\DEBUG\SYNTHESIZE.OBJ
C:\SARBJIT\LIBESPEAK\LIBESPEAK\DEBUG\TR_LANGUAGES.OBJ
C:\SARBJIT\LIBESPEAK\LIBESPEAK\DEBUG\TRANSLATE.OBJ
C:\Sarbjit\libespeak\libespeak\Debug\vc100.idb
C:\SARBJIT\LIBESPEAK\LIBESPEAK\DEBUG\VC100.PDB
C:\SARBJIT\LIBESPEAK\LIBESPEAK\DEBUG\VOICES.OBJ
C:\SARBJIT\LIBESPEAK\LIBESPEAK\DEBUG\WAVE.OBJ
C:\SARBJIT\LIBESPEAK\LIBESPEAK\DEBUG\WAVE_PULSE.OBJ
C:\SARBJIT\LIBESPEAK\LIBESPEAK\DEBUG\WAVE_SADA.OBJ
C:\SARBJIT\LIBESPEAK\LIBESPEAK\DEBUG\WAVEGEN.OBJ
