Build started 11/22/2010 1:38:41 PM.
     1>Project "C:\Sarbjit\libespeak\libespeak\libespeak.vcxproj" on node 2 (build target(s)).
     1>InitializeBuildStatus:
         Creating "Debug\libespeak.unsuccessfulbuild" because "AlwaysCreate" was specified.
       ClCompile:
         C:\Program Files\Microsoft Visual Studio 10.0\VC\bin\CL.exe /c /ZI /nologo /W1 /WX- /Od /Oy- /D WIN32 /D _DEBUG /D _WINDOWS /D _USRDLL /D LIBESPEAK_EXPORTS /D _UNICODE /D UNICODE /Gm /EHsc /RTC1 /MDd /GS /fp:precise /Zc:wchar_t /Zc:forScope /Yc"StdAfx.h" /Fp"Debug\libespeak.pch" /Fo"Debug\\" /Fd"Debug\vc100.pdb" /Gd /TP /analyze- /errorReport:prompt stdafx.cpp
         stdafx.cpp
         C:\Program Files\Microsoft Visual Studio 10.0\VC\bin\CL.exe /c /ZI /nologo /W1 /WX- /Od /Oy- /D WIN32 /D _DEBUG /D _WINDOWS /D _USRDLL /D LIBESPEAK_EXPORTS /D _UNICODE /D UNICODE /Gm /EHsc /RTC1 /MDd /GS /fp:precise /Zc:wchar_t /Zc:forScope /Fo"Debug\\" /Fd"Debug\vc100.pdb" /Gd /TP /analyze- /errorReport:prompt compiledict.cpp debug.cpp dictionary.cpp event.cpp fifo.cpp intonation.cpp klatt.cpp libespeak.cpp mbrowrap.cpp numbers.cpp phonemelist.cpp readclause.cpp setlengths.cpp speak_lib.cpp synthdata.cpp synthesize.cpp synth_mbrola.cpp translate.cpp tr_languages.cpp voices.cpp wave.cpp wavegen.cpp wave_pulse.cpp wave_sada.cpp
         wave_sada.cpp
         wave_pulse.cpp
         wavegen.cpp
         wave.cpp
         voices.cpp
     1>c:\sarbjit\libespeak\libespeak\voices.cpp(1733): warning C4068: unknown pragma
     1>c:\sarbjit\libespeak\libespeak\voices.cpp(1795): warning C4068: unknown pragma
         tr_languages.cpp
         translate.cpp
         synth_mbrola.cpp
         synthesize.cpp
         synthdata.cpp
         speak_lib.cpp
     1>c:\sarbjit\libespeak\libespeak\speak_lib.cpp(705): warning C4068: unknown pragma
     1>c:\sarbjit\libespeak\libespeak\speak_lib.cpp(1230): warning C4068: unknown pragma
         setlengths.cpp
         readclause.cpp
         phonemelist.cpp
         numbers.cpp
         mbrowrap.cpp
         libespeak.cpp
         klatt.cpp
         intonation.cpp
         fifo.cpp
         Generating Code...
         Compiling...
         event.cpp
         dictionary.cpp
         debug.cpp
         compiledict.cpp
         Generating Code...
         C:\Program Files\Microsoft Visual Studio 10.0\VC\bin\CL.exe /c /ZI /nologo /W1 /WX- /Od /Oy- /D WIN32 /D _DEBUG /D _WINDOWS /D _USRDLL /D LIBESPEAK_EXPORTS /D _UNICODE /D UNICODE /Gm /EHsc /RTC1 /MDd /GS /fp:precise /Zc:wchar_t /Zc:forScope /Fo"Debug\\" /Fd"Debug\vc100.pdb" /Gd /TP /analyze- /errorReport:prompt dllmain.cpp
         dllmain.cpp
       Lib:
         C:\Program Files\Microsoft Visual Studio 10.0\VC\bin\Lib.exe /OUT:"C:\Sarbjit\libespeak\Debug\libespeak.lib" /NOLOGO Debug\compiledict.obj
         Debug\debug.obj
         Debug\dictionary.obj
         Debug\dllmain.obj
         Debug\event.obj
         Debug\fifo.obj
         Debug\intonation.obj
         Debug\klatt.obj
         Debug\libespeak.obj
         Debug\mbrowrap.obj
         Debug\numbers.obj
         Debug\phonemelist.obj
         Debug\readclause.obj
         Debug\setlengths.obj
         Debug\speak_lib.obj
         Debug\stdafx.obj
         Debug\synthdata.obj
         Debug\synthesize.obj
         Debug\synth_mbrola.obj
         Debug\translate.obj
         Debug\tr_languages.obj
         Debug\voices.obj
         Debug\wave.obj
         Debug\wavegen.obj
         Debug\wave_pulse.obj
         Debug\wave_sada.obj
         libespeak.vcxproj -> C:\Sarbjit\libespeak\Debug\libespeak.lib
       FinalizeBuildStatus:
         Deleting file "Debug\libespeak.unsuccessfulbuild".
         Touching "Debug\libespeak.lastbuildstate".
     1>Done Building Project "C:\Sarbjit\libespeak\libespeak\libespeak.vcxproj" (build target(s)).

Build succeeded.

Time Elapsed 00:00:09.78
